<?xml version="1.0" encoding="UTF-8"?>
<!-- Generated by org.testng.reporters.JUnitReportReporter -->
<testsuite hostname="DESKTOP-QNHJ5Q7" name="SeleniumDay14.LoginTest" tests="1" failures="0" timestamp="24 Jul 2023 06:09:43 GMT" time="10.233" errors="0">
  <testcase name="verifyLoginFeature" time="10.233" classname="SeleniumDay14.LoginTest"/>
</testsuite> <!-- SeleniumDay14.LoginTest -->
