<?xml version="1.0" encoding="UTF-8"?>
<!-- Generated by org.testng.reporters.JUnitReportReporter -->
<testsuite hostname="DESKTOP-QNHJ5Q7" name="SeleniumDay7.Assignment1" tests="1" failures="0" timestamp="20 Jul 2023 05:52:15 GMT" time="25.813" errors="0">
  <testcase name="open_application" time="25.813" classname="SeleniumDay7.Assignment1"/>
</testsuite> <!-- SeleniumDay7.Assignment1 -->
