<?xml version="1.0" encoding="UTF-8"?>
<!-- Generated by org.testng.reporters.JUnitReportReporter -->
<testsuite hostname="DESKTOP-QNHJ5Q7" name="retryLogic.testData" tests="4" failures="0" timestamp="21 Jul 2023 06:18:46 GMT" time="51.895" errors="0">
  <testcase name="verifyLoginWithInvalidcred" time="12.904" classname="retryLogic.testData"/>
  <testcase name="verifyLoginWithInvalidcred" time="12.691" classname="retryLogic.testData"/>
  <testcase name="verifyLoginWithInvalidcred" time="13.603" classname="retryLogic.testData"/>
  <testcase name="verifyLoginWithInvalidcred" time="12.697" classname="retryLogic.testData"/>
</testsuite> <!-- retryLogic.testData -->
