<?xml version="1.0" encoding="UTF-8"?>
<!-- Generated by org.testng.reporters.JUnitReportReporter -->
<testsuite hostname="DESKTOP-QNHJ5Q7" name="SeleniumDay7.AmazonTest" tests="1" failures="0" timestamp="17 Jul 2023 05:53:27 GMT" time="0.016" errors="0">
  <testcase name="searchItem" time="0.016" classname="SeleniumDay7.AmazonTest"/>
</testsuite> <!-- SeleniumDay7.AmazonTest -->
