<?xml version="1.0" encoding="UTF-8"?>
<!-- Generated by org.testng.reporters.JUnitReportReporter -->
<testsuite hostname="DESKTOP-QNHJ5Q7" name="SeleniumDay11.PriorityExample" tests="6" failures="0" timestamp="19 Jul 2023 07:50:40 GMT" time="0.022" errors="0">
  <testcase name="logout" time="0.004" classname="SeleniumDay11.PriorityExample"/>
  <testcase name="payment" time="0.002" classname="SeleniumDay11.PriorityExample"/>
  <testcase name="searchItem" time="0.003" classname="SeleniumDay11.PriorityExample"/>
  <testcase name="cancelOrder" time="0.002" classname="SeleniumDay11.PriorityExample"/>
  <testcase name="addItem" time="0.002" classname="SeleniumDay11.PriorityExample"/>
  <testcase name="login" time="0.009" classname="SeleniumDay11.PriorityExample"/>
</testsuite> <!-- SeleniumDay11.PriorityExample -->
