<?xml version="1.0" encoding="UTF-8"?>
<!-- Generated by org.testng.reporters.JUnitReportReporter -->
<testsuite hostname="DESKTOP-QNHJ5Q7" name="retryLogic.ConditionalWait_VisibilityElement" tests="1" failures="0" timestamp="21 Jul 2023 05:12:19 GMT" time="15.873" errors="0">
  <testcase name="loginlogout" time="15.873" classname="retryLogic.ConditionalWait_VisibilityElement"/>
</testsuite> <!-- retryLogic.ConditionalWait_VisibilityElement -->
